  BankSystem2.cpp
F:\Trains\Project 3 Bank System\BankSystem2\BankSystem2\clsString.h(39,25): warning C4267: 'return': conversion from 'size_t' to 'short', possible loss of data
  (compiling source file 'BankSystem2.cpp')
  
F:\Trains\Project 3 Bank System\BankSystem2\BankSystem2\clsString.h(44,29): warning C4267: 'return': conversion from 'size_t' to 'short', possible loss of data
  (compiling source file 'BankSystem2.cpp')
  
F:\Trains\Project 3 Bank System\BankSystem2\BankSystem2\clsString.h(55,30): warning C4267: '=': conversion from 'size_t' to 'short', possible loss of data
  (compiling source file 'BankSystem2.cpp')
  
F:\Trains\Project 3 Bank System\BankSystem2\BankSystem2\clsString.h(188,29): warning C4267: 'return': conversion from 'size_t' to 'short', possible loss of data
  (compiling source file 'BankSystem2.cpp')
  
F:\Trains\Project 3 Bank System\BankSystem2\BankSystem2\clsString.h(318,30): warning C4267: '=': conversion from 'size_t' to 'short', possible loss of data
  (compiling source file 'BankSystem2.cpp')
  
F:\Trains\Project 3 Bank System\BankSystem2\BankSystem2\clsString.h(366,22): warning C4267: 'initializing': conversion from 'size_t' to 'short', possible loss of data
  (compiling source file 'BankSystem2.cpp')
  
F:\Trains\Project 3 Bank System\BankSystem2\BankSystem2\clsUtil.h(64,5): warning C4102: 'defualt': unreferenced label
  (compiling source file 'BankSystem2.cpp')
  
F:\Trains\Project 3 Bank System\BankSystem2\BankSystem2\clsUser.h(198,12): warning C4240: nonstandard extension used: access to 'clsUser::stLoginRegisterRecord' now defined to be 'public', previously it was defined to be 'private'
  (compiling source file 'BankSystem2.cpp')
      F:\Trains\Project 3 Bank System\BankSystem2\BankSystem2\clsUser.h(26,12):
      see declaration of 'clsUser::stLoginRegisterRecord'
  
F:\Trains\Project 3 Bank System\BankSystem2\BankSystem2\clsInputValidate.h(113,16): warning C4244: 'initializing': conversion from 'double' to 'float', possible loss of data
  (compiling source file 'BankSystem2.cpp')
  
F:\Trains\Project 3 Bank System\BankSystem2\BankSystem2\clsInputValidate.h(117,26): warning C4244: '=': conversion from 'double' to 'float', possible loss of data
  (compiling source file 'BankSystem2.cpp')
  
F:\Trains\Project 3 Bank System\BankSystem2\BankSystem2\clsBankClient.h(206,12): warning C4240: nonstandard extension used: access to 'clsBankClient::stTrnsferLogRecord' now defined to be 'public', previously it was defined to be 'private'
  (compiling source file 'BankSystem2.cpp')
      F:\Trains\Project 3 Bank System\BankSystem2\BankSystem2\clsBankClient.h(152,12):
      see declaration of 'clsBankClient::stTrnsferLogRecord'
  
F:\Trains\Project 3 Bank System\BankSystem2\BankSystem2\clsBankClient.h(28,65): warning C4244: 'argument': conversion from 'double' to 'float', possible loss of data
  (compiling source file 'BankSystem2.cpp')
  
F:\Trains\Project 3 Bank System\BankSystem2\BankSystem2\clsBankClient.h(162,39): warning C4244: '=': conversion from 'double' to 'float', possible loss of data
  (compiling source file 'BankSystem2.cpp')
  
F:\Trains\Project 3 Bank System\BankSystem2\BankSystem2\clsBankClient.h(163,48): warning C4244: '=': conversion from 'double' to 'float', possible loss of data
  (compiling source file 'BankSystem2.cpp')
  
F:\Trains\Project 3 Bank System\BankSystem2\BankSystem2\clsBankClient.h(164,49): warning C4244: '=': conversion from 'double' to 'float', possible loss of data
  (compiling source file 'BankSystem2.cpp')
  
F:\Trains\Project 3 Bank System\BankSystem2\BankSystem2\clsBankClient.h(421,28): warning C4244: '+=': conversion from 'double' to 'float', possible loss of data
  (compiling source file 'BankSystem2.cpp')
  
F:\Trains\Project 3 Bank System\BankSystem2\BankSystem2\clsBankClient.h(438,28): warning C4244: '-=': conversion from 'double' to 'float', possible loss of data
  (compiling source file 'BankSystem2.cpp')
  
F:\Trains\Project 3 Bank System\BankSystem2\BankSystem2\clsAddNewClientScreen.h(30,66): warning C4244: 'argument': conversion from 'double' to 'float', possible loss of data
  (compiling source file 'BankSystem2.cpp')
  
F:\Trains\Project 3 Bank System\BankSystem2\BankSystem2\clsUpdateClientScreen.h(47,66): warning C4244: 'argument': conversion from 'double' to 'float', possible loss of data
  (compiling source file 'BankSystem2.cpp')
  
F:\Trains\Project 3 Bank System\BankSystem2\BankSystem2\clsTotalBalancesScreen.h(57,82): warning C4244: 'argument': conversion from 'double' to 'int', possible loss of data
  (compiling source file 'BankSystem2.cpp')
  
F:\Trains\Project 3 Bank System\BankSystem2\BankSystem2\clsTransferScreen.h(42,51): warning C4244: '=': conversion from 'double' to 'float', possible loss of data
  (compiling source file 'BankSystem2.cpp')
  
F:\Trains\Project 3 Bank System\BankSystem2\BankSystem2\clsTransferScreen.h(47,53): warning C4244: '=': conversion from 'double' to 'float', possible loss of data
  (compiling source file 'BankSystem2.cpp')
  
F:\Trains\Project 3 Bank System\BankSystem2\BankSystem2\clsBankClient.h(376,1): warning C4715: 'clsBankClient::Save': not all control paths return a value
F:\Trains\Project 3 Bank System\BankSystem2\BankSystem2\clsUser.h(360,1): warning C4715: 'clsUser::Save': not all control paths return a value
  BankSystem2.vcxproj -> F:\Trains\Project 3 Bank System\BankSystem2\x64\Debug\BankSystem2.exe
